<?xml version="1.0" encoding="UTF-8"?>
<!-- Generated by org.testng.reporters.JUnitReportReporter -->
<testsuite skipped="0" hostname="PinkPrincess-PC" name="core.Loadingdatafromconfig" tests="1" failures="0" timestamp="14 Feb 2018 01:21:36 GMT" time="0.040" errors="0">
  <testcase name="ReadPropertyFile" time="0.040" classname="core.Loadingdatafromconfig"/>
</testsuite> <!-- core.Loadingdatafromconfig -->
