<?xml version="1.0" encoding="UTF-8"?>
<!-- Generated by org.testng.reporters.JUnitReportReporter -->
<testsuite skipped="0" hostname="PinkPrincess-PC" name="testcases.Testcase_1" tests="1" failures="0" timestamp="16 Feb 2018 10:44:23 GMT" time="4.137" errors="0">
  <testcase name="MeetingacceptanceCritera" time="4.137" classname="testcases.Testcase_1"/>
</testsuite> <!-- testcases.Testcase_1 -->
