<?xml version="1.0" encoding="UTF-8"?>
<!-- Generated by org.testng.reporters.JUnitReportReporter -->
<testsuite skipped="0" hostname="PinkPrincess-PC" name="core.ReadDataFromAPI" tests="1" failures="0" timestamp="14 Feb 2018 01:26:49 GMT" time="1.468" errors="0">
  <testcase name="APIDataRead" time="1.468" classname="core.ReadDataFromAPI"/>
</testsuite> <!-- core.ReadDataFromAPI -->
