<?xml version="1.0" encoding="UTF-8"?>
<!-- Generated by org.testng.reporters.JUnitReportReporter -->
<testsuite skipped="0" hostname="PinkPrincess-PC" name="testcases.testcase_AcceptanceCritera" tests="1" failures="0" timestamp="18 Feb 2018 09:08:20 GMT" time="1.348" errors="0">
  <testcase name="AcceptanceCriteria" time="1.348" classname="testcases.testcase_AcceptanceCritera"/>
</testsuite> <!-- testcases.testcase_AcceptanceCritera -->
